2022-10-08 00:37:06.452  INFO 396 --- [RMI TCP Connection(54)-127.0.0.1] inMXBeanRegistrar$SpringApplicationAdmin : Application shutdown requested.
2022-10-08 00:37:06.511  INFO 396 --- [RMI TCP Connection(54)-127.0.0.1] o.apache.catalina.core.StandardService   : Stopping service [Tomcat]
2022-10-08 00:37:06.519  INFO 396 --- [RMI TCP Connection(54)-127.0.0.1] o.a.c.c.C.[Tomcat].[localhost].[/]       : Destroying Spring FrameworkServlet 'dispatcherServlet'
2022-10-08 00:37:06.545  INFO 396 --- [RMI TCP Connection(54)-127.0.0.1] j.LocalContainerEntityManagerFactoryBean : Closing JPA EntityManagerFactory for persistence unit 'default'
2022-10-08 00:37:06.549  INFO 396 --- [RMI TCP Connection(54)-127.0.0.1] com.zaxxer.hikari.HikariDataSource       : HikariPool-1 - Shutdown initiated...
2022-10-08 00:37:06.559  INFO 396 --- [RMI TCP Connection(54)-127.0.0.1] com.zaxxer.hikari.HikariDataSource       : HikariPool-1 - Shutdown completed.
2022-10-08 00:39:26.328  INFO 3776 --- [main] c.r.p.R.Portal.ReformPortalApplication   : Starting ReformPortalApplication using Java 18.0.2.1 on DESKTOP-68V29TE with PID 3776 (C:\Users\Khushi Pro Grammmer\Reform-Portal-FB-ESDProgram-B1\target\classes started by Khushi Pro Grammmer in C:\Users\Khushi Pro Grammmer\Reform-Portal-FB-ESDProgram-B1)
2022-10-08 00:39:26.343  INFO 3776 --- [main] c.r.p.R.Portal.ReformPortalApplication   : No active profile set, falling back to 1 default profile: "default"
2022-10-08 00:39:29.634  INFO 3776 --- [main] .s.d.r.c.RepositoryConfigurationDelegate : Bootstrapping Spring Data JPA repositories in DEFAULT mode.
2022-10-08 00:39:29.799  INFO 3776 --- [main] .s.d.r.c.RepositoryConfigurationDelegate : Finished Spring Data repository scanning in 127 ms. Found 2 JPA repository interfaces.
2022-10-08 00:39:31.545  INFO 3776 --- [main] o.s.b.w.embedded.tomcat.TomcatWebServer  : Tomcat initialized with port(s): 8181 (http)
2022-10-08 00:39:31.579  INFO 3776 --- [main] o.apache.catalina.core.StandardService   : Starting service [Tomcat]
2022-10-08 00:39:31.582  INFO 3776 --- [main] org.apache.catalina.core.StandardEngine  : Starting Servlet engine: [Apache Tomcat/9.0.65]
2022-10-08 00:39:31.996  INFO 3776 --- [main] o.a.c.c.C.[Tomcat].[localhost].[/]       : Initializing Spring embedded WebApplicationContext
2022-10-08 00:39:31.998  INFO 3776 --- [main] w.s.c.ServletWebServerApplicationContext : Root WebApplicationContext: initialization completed in 5434 ms
2022-10-08 00:39:32.616  INFO 3776 --- [main] o.hibernate.jpa.internal.util.LogHelper  : HHH000204: Processing PersistenceUnitInfo [name: default]
2022-10-08 00:39:33.764  INFO 3776 --- [main] org.hibernate.Version                    : HHH000412: Hibernate ORM core version 5.6.10.Final
2022-10-08 00:39:34.368  INFO 3776 --- [main] o.hibernate.annotations.common.Version   : HCANN000001: Hibernate Commons Annotations {5.1.2.Final}
2022-10-08 00:39:34.748  INFO 3776 --- [main] com.zaxxer.hikari.HikariDataSource       : HikariPool-1 - Starting...
2022-10-08 00:39:35.340  INFO 3776 --- [main] com.zaxxer.hikari.HikariDataSource       : HikariPool-1 - Start completed.
2022-10-08 00:39:35.458  INFO 3776 --- [main] org.hibernate.dialect.Dialect            : HHH000400: Using dialect: org.hibernate.dialect.MySQL8Dialect
2022-10-08 00:39:36.465  INFO 3776 --- [main] org.hibernate.tuple.PojoInstantiator     : HHH000182: No default (no-argument) constructor for class: com.rpfb.portal.Reform.Portal.model.AngelData (class must be instantiated by Interceptor)
2022-10-08 00:39:37.058  INFO 3776 --- [main] org.hibernate.tuple.PojoInstantiator     : HHH000182: No default (no-argument) constructor for class: com.rpfb.portal.Reform.Portal.model.UserData (class must be instantiated by Interceptor)
2022-10-08 00:39:37.525  INFO 3776 --- [main] o.h.e.t.j.p.i.JtaPlatformInitiator       : HHH000490: Using JtaPlatform implementation: [org.hibernate.engine.transaction.jta.platform.internal.NoJtaPlatform]
2022-10-08 00:39:37.558  INFO 3776 --- [main] j.LocalContainerEntityManagerFactoryBean : Initialized JPA EntityManagerFactory for persistence unit 'default'
2022-10-08 00:39:39.143  WARN 3776 --- [main] JpaBaseConfiguration$JpaWebConfiguration : spring.jpa.open-in-view is enabled by default. Therefore, database queries may be performed during view rendering. Explicitly configure spring.jpa.open-in-view to disable this warning
2022-10-08 00:39:39.574  INFO 3776 --- [main] pertySourcedRequestMappingHandlerMapping : Mapped URL path [/v2/api-docs] onto method [springfox.documentation.swagger2.web.Swagger2Controller#getDocumentation(String, HttpServletRequest)]
2022-10-08 00:39:40.484  INFO 3776 --- [main] o.s.b.w.embedded.tomcat.TomcatWebServer  : Tomcat started on port(s): 8181 (http) with context path ''
2022-10-08 00:39:40.489  INFO 3776 --- [main] d.s.w.p.DocumentationPluginsBootstrapper : Context refreshed
2022-10-08 00:39:40.580  INFO 3776 --- [main] d.s.w.p.DocumentationPluginsBootstrapper : Found 1 custom documentation plugin(s)
2022-10-08 00:39:40.719  INFO 3776 --- [main] s.d.s.w.s.ApiListingReferenceScanner     : Scanning for api listing references
2022-10-08 00:39:41.234  INFO 3776 --- [main] c.r.p.R.Portal.ReformPortalApplication   : Started ReformPortalApplication in 16.539 seconds (JVM running for 20.668)
2022-10-08 00:39:55.286  INFO 3776 --- [http-nio-8181-exec-1] o.a.c.c.C.[Tomcat].[localhost].[/]       : Initializing Spring DispatcherServlet 'dispatcherServlet'
2022-10-08 00:39:55.288  INFO 3776 --- [http-nio-8181-exec-1] o.s.web.servlet.DispatcherServlet        : Initializing Servlet 'dispatcherServlet'
2022-10-08 00:39:55.292  INFO 3776 --- [http-nio-8181-exec-1] o.s.web.servlet.DispatcherServlet        : Completed initialization in 3 ms
2022-10-08 00:42:24.610  INFO 9140 --- [main] c.r.p.R.Portal.ReformPortalApplication   : Starting ReformPortalApplication using Java 18.0.2.1 on DESKTOP-68V29TE with PID 9140 (C:\Users\Khushi Pro Grammmer\Reform-Portal-FB-ESDProgram-B1\target\classes started by Khushi Pro Grammmer in C:\Users\Khushi Pro Grammmer\Reform-Portal-FB-ESDProgram-B1)
2022-10-08 00:42:24.627  INFO 9140 --- [main] c.r.p.R.Portal.ReformPortalApplication   : No active profile set, falling back to 1 default profile: "default"
2022-10-08 00:42:27.563  INFO 9140 --- [main] .s.d.r.c.RepositoryConfigurationDelegate : Bootstrapping Spring Data JPA repositories in DEFAULT mode.
2022-10-08 00:42:27.726  INFO 9140 --- [main] .s.d.r.c.RepositoryConfigurationDelegate : Finished Spring Data repository scanning in 129 ms. Found 2 JPA repository interfaces.
2022-10-08 00:42:29.521  INFO 9140 --- [main] o.s.b.w.embedded.tomcat.TomcatWebServer  : Tomcat initialized with port(s): 8282 (http)
2022-10-08 00:42:29.556  INFO 9140 --- [main] o.apache.catalina.core.StandardService   : Starting service [Tomcat]
2022-10-08 00:42:29.557  INFO 9140 --- [main] org.apache.catalina.core.StandardEngine  : Starting Servlet engine: [Apache Tomcat/9.0.65]
2022-10-08 00:42:29.954  INFO 9140 --- [main] o.a.c.c.C.[Tomcat].[localhost].[/]       : Initializing Spring embedded WebApplicationContext
2022-10-08 00:42:29.955  INFO 9140 --- [main] w.s.c.ServletWebServerApplicationContext : Root WebApplicationContext: initialization completed in 5084 ms
2022-10-08 00:42:30.595  INFO 9140 --- [main] o.hibernate.jpa.internal.util.LogHelper  : HHH000204: Processing PersistenceUnitInfo [name: default]
2022-10-08 00:42:30.774  INFO 9140 --- [main] org.hibernate.Version                    : HHH000412: Hibernate ORM core version 5.6.10.Final
2022-10-08 00:42:31.384  INFO 9140 --- [main] o.hibernate.annotations.common.Version   : HCANN000001: Hibernate Commons Annotations {5.1.2.Final}
2022-10-08 00:42:31.752  INFO 9140 --- [main] com.zaxxer.hikari.HikariDataSource       : HikariPool-1 - Starting...
2022-10-08 00:42:32.336  INFO 9140 --- [main] com.zaxxer.hikari.HikariDataSource       : HikariPool-1 - Start completed.
2022-10-08 00:42:32.479  INFO 9140 --- [main] org.hibernate.dialect.Dialect            : HHH000400: Using dialect: org.hibernate.dialect.MySQL8Dialect
2022-10-08 00:42:33.497  INFO 9140 --- [main] org.hibernate.tuple.PojoInstantiator     : HHH000182: No default (no-argument) constructor for class: com.rpfb.portal.Reform.Portal.model.AngelData (class must be instantiated by Interceptor)
2022-10-08 00:42:35.014  INFO 9140 --- [main] org.hibernate.tuple.PojoInstantiator     : HHH000182: No default (no-argument) constructor for class: com.rpfb.portal.Reform.Portal.model.UserData (class must be instantiated by Interceptor)
2022-10-08 00:42:35.477  INFO 9140 --- [main] o.h.e.t.j.p.i.JtaPlatformInitiator       : HHH000490: Using JtaPlatform implementation: [org.hibernate.engine.transaction.jta.platform.internal.NoJtaPlatform]
2022-10-08 00:42:35.510  INFO 9140 --- [main] j.LocalContainerEntityManagerFactoryBean : Initialized JPA EntityManagerFactory for persistence unit 'default'
2022-10-08 00:42:36.979  WARN 9140 --- [main] JpaBaseConfiguration$JpaWebConfiguration : spring.jpa.open-in-view is enabled by default. Therefore, database queries may be performed during view rendering. Explicitly configure spring.jpa.open-in-view to disable this warning
2022-10-08 00:42:37.440  INFO 9140 --- [main] pertySourcedRequestMappingHandlerMapping : Mapped URL path [/v2/api-docs] onto method [springfox.documentation.swagger2.web.Swagger2Controller#getDocumentation(String, HttpServletRequest)]
2022-10-08 00:42:38.333  INFO 9140 --- [main] o.s.b.w.embedded.tomcat.TomcatWebServer  : Tomcat started on port(s): 8282 (http) with context path ''
2022-10-08 00:42:38.337  INFO 9140 --- [main] d.s.w.p.DocumentationPluginsBootstrapper : Context refreshed
2022-10-08 00:42:38.487  INFO 9140 --- [main] d.s.w.p.DocumentationPluginsBootstrapper : Found 1 custom documentation plugin(s)
2022-10-08 00:42:38.616  INFO 9140 --- [main] s.d.s.w.s.ApiListingReferenceScanner     : Scanning for api listing references
2022-10-08 00:42:39.128  INFO 9140 --- [main] c.r.p.R.Portal.ReformPortalApplication   : Started ReformPortalApplication in 17.033 seconds (JVM running for 20.515)
2022-10-08 00:44:16.526  INFO 9140 --- [http-nio-8282-exec-1] o.a.c.c.C.[Tomcat].[localhost].[/]       : Initializing Spring DispatcherServlet 'dispatcherServlet'
2022-10-08 00:44:16.528  INFO 9140 --- [http-nio-8282-exec-1] o.s.web.servlet.DispatcherServlet        : Initializing Servlet 'dispatcherServlet'
2022-10-08 00:44:16.535  INFO 9140 --- [http-nio-8282-exec-1] o.s.web.servlet.DispatcherServlet        : Completed initialization in 5 ms
2022-10-08 00:48:42.162  INFO 5680 --- [main] c.r.p.R.Portal.ReformPortalApplication   : Starting ReformPortalApplication using Java 18.0.2.1 on DESKTOP-68V29TE with PID 5680 (C:\Users\Khushi Pro Grammmer\Reform-Portal-FB-ESDProgram-B1\target\classes started by Khushi Pro Grammmer in C:\Users\Khushi Pro Grammmer\Reform-Portal-FB-ESDProgram-B1)
2022-10-08 00:48:42.177  INFO 5680 --- [main] c.r.p.R.Portal.ReformPortalApplication   : No active profile set, falling back to 1 default profile: "default"
2022-10-08 00:48:46.022  INFO 5680 --- [main] .s.d.r.c.RepositoryConfigurationDelegate : Bootstrapping Spring Data JPA repositories in DEFAULT mode.
2022-10-08 00:48:46.234  INFO 5680 --- [main] .s.d.r.c.RepositoryConfigurationDelegate : Finished Spring Data repository scanning in 167 ms. Found 2 JPA repository interfaces.
2022-10-08 00:48:48.094  INFO 5680 --- [main] o.s.b.w.embedded.tomcat.TomcatWebServer  : Tomcat initialized with port(s): 8282 (http)
2022-10-08 00:48:48.128  INFO 5680 --- [main] o.apache.catalina.core.StandardService   : Starting service [Tomcat]
2022-10-08 00:48:48.129  INFO 5680 --- [main] org.apache.catalina.core.StandardEngine  : Starting Servlet engine: [Apache Tomcat/9.0.65]
2022-10-08 00:48:48.510  INFO 5680 --- [main] o.a.c.c.C.[Tomcat].[localhost].[/]       : Initializing Spring embedded WebApplicationContext
2022-10-08 00:48:48.511  INFO 5680 --- [main] w.s.c.ServletWebServerApplicationContext : Root WebApplicationContext: initialization completed in 6103 ms
2022-10-08 00:48:49.157  INFO 5680 --- [main] o.hibernate.jpa.internal.util.LogHelper  : HHH000204: Processing PersistenceUnitInfo [name: default]
2022-10-08 00:48:49.344  INFO 5680 --- [main] org.hibernate.Version                    : HHH000412: Hibernate ORM core version 5.6.10.Final
2022-10-08 00:48:49.938  INFO 5680 --- [main] o.hibernate.annotations.common.Version   : HCANN000001: Hibernate Commons Annotations {5.1.2.Final}
2022-10-08 00:48:50.321  INFO 5680 --- [main] com.zaxxer.hikari.HikariDataSource       : HikariPool-1 - Starting...
2022-10-08 00:48:50.876  INFO 5680 --- [main] com.zaxxer.hikari.HikariDataSource       : HikariPool-1 - Start completed.
2022-10-08 00:48:50.996  INFO 5680 --- [main] org.hibernate.dialect.Dialect            : HHH000400: Using dialect: org.hibernate.dialect.MySQL8Dialect
2022-10-08 00:48:52.050  INFO 5680 --- [main] org.hibernate.tuple.PojoInstantiator     : HHH000182: No default (no-argument) constructor for class: com.rpfb.portal.Reform.Portal.model.AngelData (class must be instantiated by Interceptor)
2022-10-08 00:48:52.634  INFO 5680 --- [main] org.hibernate.tuple.PojoInstantiator     : HHH000182: No default (no-argument) constructor for class: com.rpfb.portal.Reform.Portal.model.UserData (class must be instantiated by Interceptor)
2022-10-08 00:48:53.106  INFO 5680 --- [main] o.h.e.t.j.p.i.JtaPlatformInitiator       : HHH000490: Using JtaPlatform implementation: [org.hibernate.engine.transaction.jta.platform.internal.NoJtaPlatform]
2022-10-08 00:48:53.140  INFO 5680 --- [main] j.LocalContainerEntityManagerFactoryBean : Initialized JPA EntityManagerFactory for persistence unit 'default'
2022-10-08 00:48:54.738  WARN 5680 --- [main] JpaBaseConfiguration$JpaWebConfiguration : spring.jpa.open-in-view is enabled by default. Therefore, database queries may be performed during view rendering. Explicitly configure spring.jpa.open-in-view to disable this warning
2022-10-08 00:48:56.249  INFO 5680 --- [main] pertySourcedRequestMappingHandlerMapping : Mapped URL path [/v2/api-docs] onto method [springfox.documentation.swagger2.web.Swagger2Controller#getDocumentation(String, HttpServletRequest)]
2022-10-08 00:48:58.908  WARN 5680 --- [main] ConfigServletWebServerApplicationContext : Exception encountered during context initialization - cancelling refresh attempt: org.springframework.context.ApplicationContextException: Failed to start bean 'webServerStartStop'; nested exception is org.springframework.boot.web.server.PortInUseException: Port 8282 is already in use
2022-10-08 00:48:58.920  INFO 5680 --- [main] j.LocalContainerEntityManagerFactoryBean : Closing JPA EntityManagerFactory for persistence unit 'default'
2022-10-08 00:48:58.925  INFO 5680 --- [main] com.zaxxer.hikari.HikariDataSource       : HikariPool-1 - Shutdown initiated...
2022-10-08 00:48:58.958  INFO 5680 --- [main] com.zaxxer.hikari.HikariDataSource       : HikariPool-1 - Shutdown completed.
2022-10-08 00:48:58.965  INFO 5680 --- [main] o.apache.catalina.core.StandardService   : Stopping service [Tomcat]
2022-10-08 00:48:59.028  INFO 5680 --- [main] ConditionEvaluationReportLoggingListener : 

Error starting ApplicationContext. To display the conditions report re-run your application with 'debug' enabled.
2022-10-08 00:48:59.099 ERROR 5680 --- [main] o.s.b.d.LoggingFailureAnalysisReporter   : 

***************************
APPLICATION FAILED TO START
***************************

Description:

Web server failed to start. Port 8282 was already in use.

Action:

Identify and stop the process that's listening on port 8282 or configure this application to listen on another port.

2022-10-08 00:49:20.458  INFO 3776 --- [RMI TCP Connection(13)-127.0.0.1] inMXBeanRegistrar$SpringApplicationAdmin : Application shutdown requested.
2022-10-08 00:49:20.503  INFO 3776 --- [RMI TCP Connection(13)-127.0.0.1] o.apache.catalina.core.StandardService   : Stopping service [Tomcat]
2022-10-08 00:49:20.506  INFO 3776 --- [RMI TCP Connection(13)-127.0.0.1] o.a.c.c.C.[Tomcat].[localhost].[/]       : Destroying Spring FrameworkServlet 'dispatcherServlet'
2022-10-08 00:49:20.529  INFO 3776 --- [RMI TCP Connection(13)-127.0.0.1] j.LocalContainerEntityManagerFactoryBean : Closing JPA EntityManagerFactory for persistence unit 'default'
2022-10-08 00:49:20.533  INFO 3776 --- [RMI TCP Connection(13)-127.0.0.1] com.zaxxer.hikari.HikariDataSource       : HikariPool-1 - Shutdown initiated...
2022-10-08 00:49:20.556  INFO 3776 --- [RMI TCP Connection(13)-127.0.0.1] com.zaxxer.hikari.HikariDataSource       : HikariPool-1 - Shutdown completed.
2022-10-08 00:49:21.135  INFO 9140 --- [RMI TCP Connection(10)-127.0.0.1] inMXBeanRegistrar$SpringApplicationAdmin : Application shutdown requested.
2022-10-08 00:49:21.191  INFO 9140 --- [RMI TCP Connection(10)-127.0.0.1] o.apache.catalina.core.StandardService   : Stopping service [Tomcat]
2022-10-08 00:49:21.196  INFO 9140 --- [RMI TCP Connection(10)-127.0.0.1] o.a.c.c.C.[Tomcat].[localhost].[/]       : Destroying Spring FrameworkServlet 'dispatcherServlet'
2022-10-08 00:49:21.241  INFO 9140 --- [RMI TCP Connection(10)-127.0.0.1] j.LocalContainerEntityManagerFactoryBean : Closing JPA EntityManagerFactory for persistence unit 'default'
2022-10-08 00:49:21.247  INFO 9140 --- [RMI TCP Connection(10)-127.0.0.1] com.zaxxer.hikari.HikariDataSource       : HikariPool-1 - Shutdown initiated...
2022-10-08 00:49:21.278  INFO 9140 --- [RMI TCP Connection(10)-127.0.0.1] com.zaxxer.hikari.HikariDataSource       : HikariPool-1 - Shutdown completed.
2022-10-08 00:50:34.078  INFO 9712 --- [main] c.r.p.R.Portal.ReformPortalApplication   : Starting ReformPortalApplication using Java 18.0.2.1 on DESKTOP-68V29TE with PID 9712 (C:\Users\Khushi Pro Grammmer\Reform-Portal-FB-ESDProgram-B1\target\classes started by Khushi Pro Grammmer in C:\Users\Khushi Pro Grammmer\Reform-Portal-FB-ESDProgram-B1)
2022-10-08 00:50:34.089  INFO 9712 --- [main] c.r.p.R.Portal.ReformPortalApplication   : No active profile set, falling back to 1 default profile: "default"
2022-10-08 00:50:35.742  INFO 9712 --- [main] .s.d.r.c.RepositoryConfigurationDelegate : Bootstrapping Spring Data JPA repositories in DEFAULT mode.
2022-10-08 00:50:35.825  INFO 9712 --- [main] .s.d.r.c.RepositoryConfigurationDelegate : Finished Spring Data repository scanning in 67 ms. Found 2 JPA repository interfaces.
2022-10-08 00:50:36.949  INFO 9712 --- [main] o.s.b.w.embedded.tomcat.TomcatWebServer  : Tomcat initialized with port(s): 8282 (http)
2022-10-08 00:50:36.971  INFO 9712 --- [main] o.apache.catalina.core.StandardService   : Starting service [Tomcat]
2022-10-08 00:50:36.972  INFO 9712 --- [main] org.apache.catalina.core.StandardEngine  : Starting Servlet engine: [Apache Tomcat/9.0.65]
2022-10-08 00:50:37.202  INFO 9712 --- [main] o.a.c.c.C.[Tomcat].[localhost].[/]       : Initializing Spring embedded WebApplicationContext
2022-10-08 00:50:37.203  INFO 9712 --- [main] w.s.c.ServletWebServerApplicationContext : Root WebApplicationContext: initialization completed in 2942 ms
2022-10-08 00:50:37.671  INFO 9712 --- [main] o.hibernate.jpa.internal.util.LogHelper  : HHH000204: Processing PersistenceUnitInfo [name: default]
2022-10-08 00:50:37.763  INFO 9712 --- [main] org.hibernate.Version                    : HHH000412: Hibernate ORM core version 5.6.10.Final
2022-10-08 00:50:38.023  INFO 9712 --- [main] o.hibernate.annotations.common.Version   : HCANN000001: Hibernate Commons Annotations {5.1.2.Final}
2022-10-08 00:50:38.185  INFO 9712 --- [main] com.zaxxer.hikari.HikariDataSource       : HikariPool-1 - Starting...
2022-10-08 00:50:38.465  INFO 9712 --- [main] com.zaxxer.hikari.HikariDataSource       : HikariPool-1 - Start completed.
2022-10-08 00:50:38.596  INFO 9712 --- [main] org.hibernate.dialect.Dialect            : HHH000400: Using dialect: org.hibernate.dialect.MySQL8Dialect
2022-10-08 00:50:40.613  INFO 9712 --- [main] org.hibernate.tuple.PojoInstantiator     : HHH000182: No default (no-argument) constructor for class: com.rpfb.portal.Reform.Portal.model.AngelData (class must be instantiated by Interceptor)
2022-10-08 00:50:41.214  INFO 9712 --- [main] org.hibernate.tuple.PojoInstantiator     : HHH000182: No default (no-argument) constructor for class: com.rpfb.portal.Reform.Portal.model.UserData (class must be instantiated by Interceptor)
2022-10-08 00:50:41.685  INFO 9712 --- [main] o.h.e.t.j.p.i.JtaPlatformInitiator       : HHH000490: Using JtaPlatform implementation: [org.hibernate.engine.transaction.jta.platform.internal.NoJtaPlatform]
2022-10-08 00:50:41.718  INFO 9712 --- [main] j.LocalContainerEntityManagerFactoryBean : Initialized JPA EntityManagerFactory for persistence unit 'default'
2022-10-08 00:50:43.192  WARN 9712 --- [main] JpaBaseConfiguration$JpaWebConfiguration : spring.jpa.open-in-view is enabled by default. Therefore, database queries may be performed during view rendering. Explicitly configure spring.jpa.open-in-view to disable this warning
2022-10-08 00:50:43.624  INFO 9712 --- [main] pertySourcedRequestMappingHandlerMapping : Mapped URL path [/v2/api-docs] onto method [springfox.documentation.swagger2.web.Swagger2Controller#getDocumentation(String, HttpServletRequest)]
2022-10-08 00:50:44.586  INFO 9712 --- [main] o.s.b.w.embedded.tomcat.TomcatWebServer  : Tomcat started on port(s): 8282 (http) with context path ''
2022-10-08 00:50:44.589  INFO 9712 --- [main] d.s.w.p.DocumentationPluginsBootstrapper : Context refreshed
2022-10-08 00:50:44.713  INFO 9712 --- [main] d.s.w.p.DocumentationPluginsBootstrapper : Found 1 custom documentation plugin(s)
2022-10-08 00:50:44.834  INFO 9712 --- [main] s.d.s.w.s.ApiListingReferenceScanner     : Scanning for api listing references
2022-10-08 00:50:45.330  INFO 9712 --- [main] c.r.p.R.Portal.ReformPortalApplication   : Started ReformPortalApplication in 12.537 seconds (JVM running for 20.079)
2022-10-08 00:50:55.137  INFO 9712 --- [http-nio-8282-exec-1] o.a.c.c.C.[Tomcat].[localhost].[/]       : Initializing Spring DispatcherServlet 'dispatcherServlet'
2022-10-08 00:50:55.139  INFO 9712 --- [http-nio-8282-exec-1] o.s.web.servlet.DispatcherServlet        : Initializing Servlet 'dispatcherServlet'
2022-10-08 00:50:55.144  INFO 9712 --- [http-nio-8282-exec-1] o.s.web.servlet.DispatcherServlet        : Completed initialization in 4 ms
2022-10-08 00:52:39.394  INFO 9712 --- [RMI TCP Connection(4)-127.0.0.1] inMXBeanRegistrar$SpringApplicationAdmin : Application shutdown requested.
2022-10-08 00:52:39.437  INFO 9712 --- [RMI TCP Connection(4)-127.0.0.1] o.apache.catalina.core.StandardService   : Stopping service [Tomcat]
2022-10-08 00:52:39.441  INFO 9712 --- [RMI TCP Connection(4)-127.0.0.1] o.a.c.c.C.[Tomcat].[localhost].[/]       : Destroying Spring FrameworkServlet 'dispatcherServlet'
2022-10-08 00:52:39.469  INFO 9712 --- [RMI TCP Connection(4)-127.0.0.1] j.LocalContainerEntityManagerFactoryBean : Closing JPA EntityManagerFactory for persistence unit 'default'
2022-10-08 00:52:39.473  INFO 9712 --- [RMI TCP Connection(4)-127.0.0.1] com.zaxxer.hikari.HikariDataSource       : HikariPool-1 - Shutdown initiated...
2022-10-08 00:52:39.499  INFO 9712 --- [RMI TCP Connection(4)-127.0.0.1] com.zaxxer.hikari.HikariDataSource       : HikariPool-1 - Shutdown completed.
